app/build/outputs/logs/manifest-merger-debug-report.txt
-- Merging decision tree log ---
manifest
ADDED from src/main/AndroidManifest.xml:2:1-41:12
	xmlns:android
		ADDED from src/main/AndroidManifest.xml:2:11-69
	package
		ADDED from src/main/AndroidManifest.xml:3:5-39
		INJECTED from src/main/AndroidManifest.xml
		INJECTED from src/main/AndroidManifest.xml
	android:versionName
		ADDED from src/main/AndroidManifest.xml:5:5-30
		INJECTED from src/main/AndroidManifest.xml
		INJECTED from src/main/AndroidManifest.xml
	android:versionCode
		ADDED from src/main/AndroidManifest.xml:4:5-28
		INJECTED from src/main/AndroidManifest.xml
		INJECTED from src/main/AndroidManifest.xml
uses-sdk
ADDED from src/main/AndroidManifest.xml:7:5-9:41
MERGED from [com.android.support:support-v4:20.0.0] AndroidManifest.xml:16:5-42
	android:targetSdkVersion
		ADDED from src/main/AndroidManifest.xml:9:9-38
		INJECTED from src/main/AndroidManifest.xml
		INJECTED from src/main/AndroidManifest.xml
	android:minSdkVersion
		ADDED from src/main/AndroidManifest.xml:8:9-35
		INJECTED from src/main/AndroidManifest.xml
		INJECTED from src/main/AndroidManifest.xml
uses-permission#android.permission.WRITE_EXTERNAL_STORAGE
ADDED from src/main/AndroidManifest.xml:11:5-80
	android:name
		ADDED from src/main/AndroidManifest.xml:11:22-78
uses-permission#android.permission.CAMERA
ADDED from src/main/AndroidManifest.xml:12:5-64
	android:name
		ADDED from src/main/AndroidManifest.xml:12:22-62
uses-feature#android.hardware.camera
ADDED from src/main/AndroidManifest.xml:14:5-84
	android:required
		ADDED from src/main/AndroidManifest.xml:14:58-82
	android:name
		ADDED from src/main/AndroidManifest.xml:14:19-57
application
ADDED from src/main/AndroidManifest.xml:15:5-39:19
MERGED from [com.android.support:support-v4:20.0.0] AndroidManifest.xml:17:5-19
	android:label
		ADDED from src/main/AndroidManifest.xml:18:9-41
	android:allowBackup
		ADDED from src/main/AndroidManifest.xml:16:9-35
	android:icon
		ADDED from src/main/AndroidManifest.xml:17:9-45
	android:theme
		ADDED from src/main/AndroidManifest.xml:19:9-40
activity#com.example.mybogopicgen.MainActivity
ADDED from src/main/AndroidManifest.xml:20:9-38:20
	android:label
		ADDED from src/main/AndroidManifest.xml:22:13-45
	android:name
		ADDED from src/main/AndroidManifest.xml:21:13-41
intent-filter#android.intent.action.MAIN+android.intent.category.LAUNCHER
ADDED from src/main/AndroidManifest.xml:23:13-27:29
action#android.intent.action.MAIN
ADDED from src/main/AndroidManifest.xml:24:17-69
	android:name
		ADDED from src/main/AndroidManifest.xml:24:25-66
category#android.intent.category.LAUNCHER
ADDED from src/main/AndroidManifest.xml:26:17-77
	android:name
		ADDED from src/main/AndroidManifest.xml:26:27-74
intent-filter#android.intent.category.DEFAULT+android.media.action.IMAGE_CAPTURE
ADDED from src/main/AndroidManifest.xml:29:13-32:29
action#android.media.action.IMAGE_CAPTURE
ADDED from src/main/AndroidManifest.xml:30:17-76
	android:name
		ADDED from src/main/AndroidManifest.xml:30:25-74
category#android.intent.category.DEFAULT
ADDED from src/main/AndroidManifest.xml:31:17-75
	android:name
		ADDED from src/main/AndroidManifest.xml:31:27-73
intent-filter#android.intent.category.DEFAULT+android.media.action.STILL_IMAGE_CAPTURE
ADDED from src/main/AndroidManifest.xml:33:13-36:29
action#android.media.action.STILL_IMAGE_CAPTURE
ADDED from src/main/AndroidManifest.xml:34:17-82
	android:name
		ADDED from src/main/AndroidManifest.xml:34:25-80